This file contains any messages produced by compilers while
running configure, to aid debugging if configure makes a mistake.

It was created by configure, which was
generated by GNU Autoconf 2.59.  Invocation command line was

  $ /Users/admin/Downloads/gnu-debugger-6.8-src/gdb/testsuite/configure 

## --------- ##
## Platform. ##
## --------- ##

hostname = Stevens-MacBook-Pro.local
uname -m = x86_64
uname -r = 13.4.0
uname -s = Darwin
uname -v = Darwin Kernel Version 13.4.0: Wed Mar 18 16:20:14 PDT 2015; root:xnu-2422.115.14~1/RELEASE_X86_64

/usr/bin/uname -p = i386
/bin/uname -X     = unknown

/bin/arch              = unknown
/usr/bin/arch -k       = unknown
/usr/convex/getsysinfo = unknown
hostinfo               = Mach kernel version:
	 Darwin Kernel Version 13.4.0: Wed Mar 18 16:20:14 PDT 2015; root:xnu-2422.115.14~1/RELEASE_X86_64
Kernel configured for up to 4 processors.
2 processors are physically available.
4 processors are logically available.
Processor type: i486 (Intel 80486)
Processors active: 0 1 2 3
Primary memory available: 8.00 gigabytes
Default processor set: 219 tasks, 1003 threads, 4 processors
Load average: 6.89, Mach factor: 0.62
/bin/machine           = unknown
/usr/bin/oslevel       = unknown
/bin/universe          = unknown

PATH: /usr/bin
PATH: /bin
PATH: /usr/sbin
PATH: /sbin
PATH: /usr/local/bin
PATH: /opt/X11/bin
PATH: /usr/local/git/bin
PATH: /usr/local/MacGPG2/bin
PATH: /Library/TeX/texbin


## ----------- ##
## Core tests. ##
## ----------- ##

configure:1338: checking build system type
configure:1356: result: i386-apple-darwin13.4.0
configure:1364: checking host system type
configure:1378: result: i386-apple-darwin13.4.0
configure:1386: checking target system type
configure:1400: result: i386-apple-darwin13.4.0
configure:1581: checking for gcc
configure:1597: found /usr/bin/gcc
configure:1607: result: gcc
configure:1851: checking for C compiler version
configure:1854: gcc --version </dev/null >&5
Configured with: --prefix=/Applications/Xcode.app/Contents/Developer/usr --with-gxx-include-dir=/usr/include/c++/4.2.1
Apple LLVM version 6.0 (clang-600.0.57) (based on LLVM 3.5svn)
Target: x86_64-apple-darwin13.4.0
Thread model: posix
configure:1857: $? = 0
configure:1859: gcc -v </dev/null >&5
Configured with: --prefix=/Applications/Xcode.app/Contents/Developer/usr --with-gxx-include-dir=/usr/include/c++/4.2.1
Apple LLVM version 6.0 (clang-600.0.57) (based on LLVM 3.5svn)
Target: x86_64-apple-darwin13.4.0
Thread model: posix
configure:1862: $? = 0
configure:1864: gcc -V </dev/null >&5
clang: error: argument to '-V' is missing (expected 1 value)
clang: error: no input files
configure:1867: $? = 1
configure:1890: checking for C compiler default output file name
configure:1893: gcc    conftest.c  >&5
configure:1896: $? = 0
configure:1942: result: a.out
configure:1947: checking whether the C compiler works
configure:1953: ./a.out
configure:1956: $? = 0
configure:1973: result: yes
configure:1980: checking whether we are cross compiling
configure:1982: result: no
configure:1985: checking for suffix of executables
configure:1987: gcc -o conftest    conftest.c  >&5
configure:1990: $? = 0
configure:2015: result: 
configure:2021: checking for suffix of object files
configure:2042: gcc -c   conftest.c >&5
configure:2045: $? = 0
configure:2067: result: o
configure:2071: checking whether we are using the GNU C compiler
configure:2095: gcc -c   conftest.c >&5
configure:2101: $? = 0
configure:2105: test -z 
			 || test ! -s conftest.err
configure:2108: $? = 0
configure:2111: test -s conftest.o
configure:2114: $? = 0
configure:2127: result: yes
configure:2133: checking whether gcc accepts -g
configure:2154: gcc -c -g  conftest.c >&5
configure:2160: $? = 0
configure:2164: test -z 
			 || test ! -s conftest.err
configure:2167: $? = 0
configure:2170: test -s conftest.o
configure:2173: $? = 0
configure:2184: result: yes
configure:2201: checking for gcc option to accept ANSI C
configure:2271: gcc  -c -g -O2  conftest.c >&5
configure:2277: $? = 0
configure:2281: test -z 
			 || test ! -s conftest.err
configure:2284: $? = 0
configure:2287: test -s conftest.o
configure:2290: $? = 0
configure:2308: result: none needed
configure:2326: gcc -c -g -O2  conftest.c >&5
conftest.c:2:3: error: unknown type name 'choke'
  choke me
  ^
conftest.c:2:11: error: expected ';' after top level declarator
  choke me
          ^
          ;
2 errors generated.
configure:2332: $? = 1
configure: failed program was:
| #ifndef __cplusplus
|   choke me
| #endif
configure:2471: checking how to run the C preprocessor
configure:2506: gcc -E  conftest.c
configure:2512: $? = 0
configure:2544: gcc -E  conftest.c
conftest.c:9:10: fatal error: 'ac_nonexistent.h' file not found
#include <ac_nonexistent.h>
         ^
1 error generated.
configure:2550: $? = 1
configure: failed program was:
| /* confdefs.h.  */
| 
| #define PACKAGE_NAME ""
| #define PACKAGE_TARNAME ""
| #define PACKAGE_VERSION ""
| #define PACKAGE_STRING ""
| #define PACKAGE_BUGREPORT ""
| /* end confdefs.h.  */
| #include <ac_nonexistent.h>
configure:2589: result: gcc -E
configure:2613: gcc -E  conftest.c
configure:2619: $? = 0
configure:2651: gcc -E  conftest.c
conftest.c:9:10: fatal error: 'ac_nonexistent.h' file not found
#include <ac_nonexistent.h>
         ^
1 error generated.
configure:2657: $? = 1
configure: failed program was:
| /* confdefs.h.  */
| 
| #define PACKAGE_NAME ""
| #define PACKAGE_TARNAME ""
| #define PACKAGE_VERSION ""
| #define PACKAGE_STRING ""
| #define PACKAGE_BUGREPORT ""
| /* end confdefs.h.  */
| #include <ac_nonexistent.h>
configure:2701: checking for egrep
configure:2711: result: grep -E
configure:2716: checking for ANSI C header files
configure:2741: gcc -c -g -O2  conftest.c >&5
configure:2747: $? = 0
configure:2751: test -z 
			 || test ! -s conftest.err
configure:2754: $? = 0
configure:2757: test -s conftest.o
configure:2760: $? = 0
configure:2849: gcc -o conftest -g -O2   conftest.c  >&5
conftest.c:26:7: warning: implicitly declaring library function 'exit' with type 'void (int) __attribute__((noreturn))'
      exit(2);
      ^
conftest.c:26:7: note: please include the header <stdlib.h> or explicitly provide a declaration for 'exit'
1 warning generated.
configure:2852: $? = 0
configure:2854: ./conftest
configure:2857: $? = 0
configure:2872: result: yes
configure:2896: checking for sys/types.h
configure:2912: gcc -c -g -O2  conftest.c >&5
configure:2918: $? = 0
configure:2922: test -z 
			 || test ! -s conftest.err
configure:2925: $? = 0
configure:2928: test -s conftest.o
configure:2931: $? = 0
configure:2942: result: yes
configure:2896: checking for sys/stat.h
configure:2912: gcc -c -g -O2  conftest.c >&5
configure:2918: $? = 0
configure:2922: test -z 
			 || test ! -s conftest.err
configure:2925: $? = 0
configure:2928: test -s conftest.o
configure:2931: $? = 0
configure:2942: result: yes
configure:2896: checking for stdlib.h
configure:2912: gcc -c -g -O2  conftest.c >&5
configure:2918: $? = 0
configure:2922: test -z 
			 || test ! -s conftest.err
configure:2925: $? = 0
configure:2928: test -s conftest.o
configure:2931: $? = 0
configure:2942: result: yes
configure:2896: checking for string.h
configure:2912: gcc -c -g -O2  conftest.c >&5
configure:2918: $? = 0
configure:2922: test -z 
			 || test ! -s conftest.err
configure:2925: $? = 0
configure:2928: test -s conftest.o
configure:2931: $? = 0
configure:2942: result: yes
configure:2896: checking for memory.h
configure:2912: gcc -c -g -O2  conftest.c >&5
configure:2918: $? = 0
configure:2922: test -z 
			 || test ! -s conftest.err
configure:2925: $? = 0
configure:2928: test -s conftest.o
configure:2931: $? = 0
configure:2942: result: yes
configure:2896: checking for strings.h
configure:2912: gcc -c -g -O2  conftest.c >&5
configure:2918: $? = 0
configure:2922: test -z 
			 || test ! -s conftest.err
configure:2925: $? = 0
configure:2928: test -s conftest.o
configure:2931: $? = 0
configure:2942: result: yes
configure:2896: checking for inttypes.h
configure:2912: gcc -c -g -O2  conftest.c >&5
configure:2918: $? = 0
configure:2922: test -z 
			 || test ! -s conftest.err
configure:2925: $? = 0
configure:2928: test -s conftest.o
configure:2931: $? = 0
configure:2942: result: yes
configure:2896: checking for stdint.h
configure:2912: gcc -c -g -O2  conftest.c >&5
configure:2918: $? = 0
configure:2922: test -z 
			 || test ! -s conftest.err
configure:2925: $? = 0
configure:2928: test -s conftest.o
configure:2931: $? = 0
configure:2942: result: yes
configure:2896: checking for unistd.h
configure:2912: gcc -c -g -O2  conftest.c >&5
configure:2918: $? = 0
configure:2922: test -z 
			 || test ! -s conftest.err
configure:2925: $? = 0
configure:2928: test -s conftest.o
configure:2931: $? = 0
configure:2942: result: yes
configure:2968: checking pthread.h usability
configure:2980: gcc -c -g -O2  conftest.c >&5
configure:2986: $? = 0
configure:2990: test -z 
			 || test ! -s conftest.err
configure:2993: $? = 0
configure:2996: test -s conftest.o
configure:2999: $? = 0
configure:3009: result: yes
configure:3013: checking pthread.h presence
configure:3023: gcc -E  conftest.c
configure:3029: $? = 0
configure:3049: result: yes
configure:3084: checking for pthread.h
configure:3091: result: yes
configure:3234: creating ./config.status

## ---------------------- ##
## Running config.status. ##
## ---------------------- ##

This file was extended by config.status, which was
generated by GNU Autoconf 2.59.  Invocation command line was

  CONFIG_FILES    = 
  CONFIG_HEADERS  = 
  CONFIG_LINKS    = 
  CONFIG_COMMANDS = 
  $ ./config.status 

on Stevens-MacBook-Pro.local

config.status:666: creating Makefile
config.status:666: creating gdb.ada/Makefile
config.status:666: creating gdb.arch/Makefile
config.status:666: creating gdb.asm/Makefile
config.status:666: creating gdb.base/Makefile
config.status:666: creating gdb.cp/Makefile
config.status:666: creating gdb.disasm/Makefile
config.status:666: creating gdb.dwarf2/Makefile
config.status:666: creating gdb.fortran/Makefile
config.status:666: creating gdb.server/Makefile
config.status:666: creating gdb.java/Makefile
config.status:666: creating gdb.mi/Makefile
config.status:666: creating gdb.modula2/Makefile
config.status:666: creating gdb.objc/Makefile
config.status:666: creating gdb.opt/Makefile
config.status:666: creating gdb.pascal/Makefile
config.status:666: creating gdb.threads/Makefile
config.status:666: creating gdb.trace/Makefile
config.status:666: creating gdb.xml/Makefile

## ---------------- ##
## Cache variables. ##
## ---------------- ##

ac_cv_build=i386-apple-darwin13.4.0
ac_cv_build_alias=i386-apple-darwin13.4.0
ac_cv_c_compiler_gnu=yes
ac_cv_env_CC_set=
ac_cv_env_CC_value=
ac_cv_env_CFLAGS_set=
ac_cv_env_CFLAGS_value=
ac_cv_env_CPPFLAGS_set=
ac_cv_env_CPPFLAGS_value=
ac_cv_env_CPP_set=
ac_cv_env_CPP_value=
ac_cv_env_LDFLAGS_set=
ac_cv_env_LDFLAGS_value=
ac_cv_env_build_alias_set=
ac_cv_env_build_alias_value=
ac_cv_env_host_alias_set=
ac_cv_env_host_alias_value=
ac_cv_env_target_alias_set=
ac_cv_env_target_alias_value=
ac_cv_exeext=
ac_cv_header_inttypes_h=yes
ac_cv_header_memory_h=yes
ac_cv_header_pthread_h=yes
ac_cv_header_stdc=yes
ac_cv_header_stdint_h=yes
ac_cv_header_stdlib_h=yes
ac_cv_header_string_h=yes
ac_cv_header_strings_h=yes
ac_cv_header_sys_stat_h=yes
ac_cv_header_sys_types_h=yes
ac_cv_header_unistd_h=yes
ac_cv_host=i386-apple-darwin13.4.0
ac_cv_host_alias=i386-apple-darwin13.4.0
ac_cv_objext=o
ac_cv_prog_CPP='gcc -E'
ac_cv_prog_ac_ct_CC=gcc
ac_cv_prog_cc_g=yes
ac_cv_prog_cc_stdc=
ac_cv_prog_egrep='grep -E'
ac_cv_target=i386-apple-darwin13.4.0
ac_cv_target_alias=i386-apple-darwin13.4.0

## ----------------- ##
## Output variables. ##
## ----------------- ##

CC='gcc'
CFLAGS='-g -O2'
CPP='gcc -E'
CPPFLAGS=''
DEFS='-DPACKAGE_NAME=\"\" -DPACKAGE_TARNAME=\"\" -DPACKAGE_VERSION=\"\" -DPACKAGE_STRING=\"\" -DPACKAGE_BUGREPORT=\"\" -DSTDC_HEADERS=1 -DHAVE_SYS_TYPES_H=1 -DHAVE_SYS_STAT_H=1 -DHAVE_STDLIB_H=1 -DHAVE_STRING_H=1 -DHAVE_MEMORY_H=1 -DHAVE_STRINGS_H=1 -DHAVE_INTTYPES_H=1 -DHAVE_STDINT_H=1 -DHAVE_UNISTD_H=1 -DHAVE_PTHREAD_H=1 '
ECHO_C='ECHO_N=''
ECHO_T=''
EGREP='grep -E'
EXEEXT=''
LDFLAGS=''
LIBOBJS=''
LIBS=''
LTLIBOBJS=''
OBJEXT='o'
PACKAGE_BUGREPORT=''
PACKAGE_NAME=''
PACKAGE_STRING=''
PACKAGE_TARNAME=''
PACKAGE_VERSION=''
PATH_SEPARATOR=':'
RPATH_ENVVAR='DYLD_LIBRARY_PATH'
SHELL='/bin/sh'
ac_ct_CC='gcc'
bindir='${exec_prefix}/bin'
build='i386-apple-darwin13.4.0'
build_alias=''
build_cpu='i386'
build_os='darwin13.4.0'
build_vendor='apple'
datadir='${prefix}/share'
exec_prefix='${prefix}'
host='i386-apple-darwin13.4.0'
host_alias=''
host_cpu='i386'
host_os='darwin13.4.0'
host_vendor='apple'
includedir='${prefix}/include'
infodir='${prefix}/info'
libdir='${exec_prefix}/lib'
libexecdir='${exec_prefix}/libexec'
localstatedir='${prefix}/var'
mandir='${prefix}/man'
oldincludedir='/usr/include'
prefix='/usr/local'
program_transform_name='s,x,x,'
sbindir='${exec_prefix}/sbin'
sharedstatedir='${prefix}/com'
subdirs=''
sysconfdir='${prefix}/etc'
target='i386-apple-darwin13.4.0'
target_alias=''
target_cpu='i386'
target_noncanonical='i386-apple-darwin13.4.0'
target_os='darwin13.4.0'
target_vendor='apple'

## ----------- ##
## confdefs.h. ##
## ----------- ##

#define HAVE_INTTYPES_H 1
#define HAVE_MEMORY_H 1
#define HAVE_PTHREAD_H 1
#define HAVE_STDINT_H 1
#define HAVE_STDLIB_H 1
#define HAVE_STRINGS_H 1
#define HAVE_STRING_H 1
#define HAVE_SYS_STAT_H 1
#define HAVE_SYS_TYPES_H 1
#define HAVE_UNISTD_H 1
#define PACKAGE_BUGREPORT ""
#define PACKAGE_NAME ""
#define PACKAGE_STRING ""
#define PACKAGE_TARNAME ""
#define PACKAGE_VERSION ""
#define STDC_HEADERS 1

configure: exit 0

## ---------------------- ##
## Running config.status. ##
## ---------------------- ##

This file was extended by config.status, which was
generated by GNU Autoconf 2.59.  Invocation command line was

  CONFIG_FILES    = 
  CONFIG_HEADERS  = 
  CONFIG_LINKS    = 
  CONFIG_COMMANDS = 
  $ /Users/stevenjames/Documents/sial.org-scripts/config.status 

on Stevens-MacBook-Pro.local

config.status:666: creating Makefile
config.status:726: error: cannot find input file: Makefile.in
<<<<<<< HEAD

## ---------------------- ##
## Running config.status. ##
## ---------------------- ##

This file was extended by config.status, which was
generated by GNU Autoconf 2.59.  Invocation command line was

  CONFIG_FILES    = 
  CONFIG_HEADERS  = 
  CONFIG_LINKS    = 
  CONFIG_COMMANDS = 
  $ /Users/stevenjames/Documents/sial.org-scripts/config.status 

on Stevens-MacBook-Pro.local

config.status:666: creating Makefile
config.status:726: error: cannot find input file: Makefile.in
=======
>>>>>>> origin/nixos-sial-patch
